<?xml version="1.0" encoding="UTF-8"?>
<!-- Generated by org.testng.reporters.JUnitReportReporter -->
<testsuite skipped="0" hostname="DESKTOP-5UG739D" name="com.sgtesting.dataprovider.Assgn2" tests="8" failures="0" timestamp="2021-09-17T08:54:00 IST" time="29.691" errors="0">
  <testcase name="launchBrowser" time="4.091" classname="com.sgtesting.dataprovider.Assgn2"/>
  <system-out/>
  <testcase name="navigate" time="7.222" classname="com.sgtesting.dataprovider.Assgn2"/>
  <system-out/>
  <testcase name="login" time="7.713" classname="com.sgtesting.dataprovider.Assgn2"/>
  <system-out/>
  <testcase name="login" time="0.037" classname="com.sgtesting.dataprovider.Assgn2"/>
  <system-out/>
  <testcase name="login" time="9.244" classname="com.sgtesting.dataprovider.Assgn2"/>
  <system-out/>
  <testcase name="createUser1" time="1.180" classname="com.sgtesting.dataprovider.Assgn2"/>
  <system-out/>
  <testcase name="modifyUser1" time="0.051" classname="com.sgtesting.dataprovider.Assgn2"/>
  <system-out/>
  <testcase name="closeApplication" time="0.153" classname="com.sgtesting.dataprovider.Assgn2"/>
  <system-out/>
</testsuite> <!-- com.sgtesting.dataprovider.Assgn2 -->
