<?xml version="1.0" encoding="UTF-8"?>
<!-- Generated by org.testng.reporters.JUnitReportReporter -->
<testsuite skipped="0" hostname="DESKTOP-5UG739D" name="com.sgtesting.dataprovider.LoginLogoutDemo" tests="6" failures="0" timestamp="2021-09-17T08:45:12 IST" time="39.454" errors="0">
  <testcase name="launchBrowser" time="3.281" classname="com.sgtesting.dataprovider.LoginLogoutDemo"/>
  <system-out/>
  <testcase name="navigate" time="13.427" classname="com.sgtesting.dataprovider.LoginLogoutDemo"/>
  <system-out/>
  <testcase name="login" time="7.934" classname="com.sgtesting.dataprovider.LoginLogoutDemo"/>
  <system-out/>
  <testcase name="login" time="0.064" classname="com.sgtesting.dataprovider.LoginLogoutDemo"/>
  <system-out/>
  <testcase name="login" time="13.773" classname="com.sgtesting.dataprovider.LoginLogoutDemo"/>
  <system-out/>
  <testcase name="closeApplication" time="0.975" classname="com.sgtesting.dataprovider.LoginLogoutDemo"/>
  <system-out/>
</testsuite> <!-- com.sgtesting.dataprovider.LoginLogoutDemo -->
