<?xml version="1.0" encoding="UTF-8"?>
<!-- Generated by org.testng.reporters.JUnitReportReporter -->
<testsuite skipped="0" hostname="DESKTOP-5UG739D" name="com.sgtesting.dataprovider.Assgn4" tests="9" failures="0" timestamp="2021-09-17T09:13:21 IST" time="33.033" errors="0">
  <testcase name="launchBrowser" time="3.784" classname="com.sgtesting.dataprovider.Assgn4"/>
  <system-out/>
  <testcase name="navigate" time="6.490" classname="com.sgtesting.dataprovider.Assgn4"/>
  <system-out/>
  <testcase name="login" time="9.211" classname="com.sgtesting.dataprovider.Assgn4"/>
  <system-out/>
  <testcase name="login" time="7.707" classname="com.sgtesting.dataprovider.Assgn4"/>
  <system-out/>
  <testcase name="login" time="0.042" classname="com.sgtesting.dataprovider.Assgn4"/>
  <system-out/>
  <testcase name="createCustomer" time="2.830" classname="com.sgtesting.dataprovider.Assgn4"/>
  <system-out/>
  <testcase name="deleteCustomer" time="0.045" classname="com.sgtesting.dataprovider.Assgn4"/>
  <system-out/>
  <testcase name="deleteCustmer" time="2.701" classname="com.sgtesting.dataprovider.Assgn4"/>
  <system-out/>
  <testcase name="closeApplication" time="0.223" classname="com.sgtesting.dataprovider.Assgn4"/>
  <system-out/>
</testsuite> <!-- com.sgtesting.dataprovider.Assgn4 -->
