<?xml version="1.0" encoding="UTF-8"?>
<!-- Generated by org.testng.reporters.JUnitReportReporter -->
<testsuite skipped="0" hostname="DESKTOP-5UG739D" name="com.sgtesting.dataprovider.Assgn3" tests="8" failures="0" timestamp="2021-09-17T09:02:46 IST" time="30.491" errors="0">
  <testcase name="launchBrowser" time="4.122" classname="com.sgtesting.dataprovider.Assgn3"/>
  <system-out/>
  <testcase name="navigate" time="7.032" classname="com.sgtesting.dataprovider.Assgn3"/>
  <system-out/>
  <testcase name="login" time="7.692" classname="com.sgtesting.dataprovider.Assgn3"/>
  <system-out/>
  <testcase name="login" time="0.037" classname="com.sgtesting.dataprovider.Assgn3"/>
  <system-out/>
  <testcase name="login" time="9.216" classname="com.sgtesting.dataprovider.Assgn3"/>
  <system-out/>
  <testcase name="createCustomer" time="2.124" classname="com.sgtesting.dataprovider.Assgn3"/>
  <system-out/>
  <testcase name="deleteCustomer" time="0.045" classname="com.sgtesting.dataprovider.Assgn3"/>
  <system-out/>
  <testcase name="closeApplication" time="0.223" classname="com.sgtesting.dataprovider.Assgn3"/>
  <system-out/>
</testsuite> <!-- com.sgtesting.dataprovider.Assgn3 -->
